<?xml version="1.0" encoding="UTF-8"?>
<!-- Generated by org.testng.reporters.JUnitXMLReporter -->
<testsuite ignored="10" hostname="DESKTOP-LUE80JB" failures="0" tests="6" name="Test" time="178.67" errors="0" timestamp="2022-12-01T07:50:16 IST">
  <testcase classname="test_Scripts.PasswordTest" name="Via" time="46.622"/>
  <testcase classname="test_Scripts.SignupTest" name="Via" time="6.76"/>
  <testcase classname="test_Scripts.AgentLoginTest" name="Via" time="4.853"/>
  <testcase classname="test_Scripts.FacebookTest" name="Via" time="24.777"/>
  <testcase classname="test_Scripts.CorporateLoginTest" name="Via" time="3.237"/>
  <testcase classname="test_Scripts.SigninTest" name="Via" time="5.541"/>
  <testcase classname="generic.Base_Test" name="@BeforeSuite beforeSuit" time="0.0">
    <ignored/>
  </testcase> <!-- @BeforeSuite beforeSuit -->
  <testcase classname="generic.Base_Test" name="@BeforeSuite beforeSuit" time="0.0">
    <ignored/>
  </testcase> <!-- @BeforeSuite beforeSuit -->
  <testcase classname="generic.Base_Test" name="@BeforeSuite beforeSuit" time="0.0">
    <ignored/>
  </testcase> <!-- @BeforeSuite beforeSuit -->
  <testcase classname="generic.Base_Test" name="@BeforeSuite beforeSuit" time="0.0">
    <ignored/>
  </testcase> <!-- @BeforeSuite beforeSuit -->
  <testcase classname="generic.Base_Test" name="@BeforeSuite beforeSuit" time="0.0">
    <ignored/>
  </testcase> <!-- @BeforeSuite beforeSuit -->
  <testcase classname="generic.Base_Test" name="@AfterSuite afterSuite" time="0.0">
    <ignored/>
  </testcase> <!-- @AfterSuite afterSuite -->
  <testcase classname="generic.Base_Test" name="@AfterSuite afterSuite" time="0.0">
    <ignored/>
  </testcase> <!-- @AfterSuite afterSuite -->
  <testcase classname="generic.Base_Test" name="@AfterSuite afterSuite" time="0.0">
    <ignored/>
  </testcase> <!-- @AfterSuite afterSuite -->
  <testcase classname="generic.Base_Test" name="@AfterSuite afterSuite" time="0.0">
    <ignored/>
  </testcase> <!-- @AfterSuite afterSuite -->
  <testcase classname="generic.Base_Test" name="@AfterSuite afterSuite" time="0.0">
    <ignored/>
  </testcase> <!-- @AfterSuite afterSuite -->
</testsuite> <!-- Test -->
