<?xml version="1.0" encoding="UTF-8"?>
<testng-results ignored="10" total="16" passed="6" failed="0" skipped="0">
  <reporter-output>
    <line>
      <![CDATA[Browser window is maximized successfully]]>
    </line>
    <line>
      <![CDATA[Browser window is maximized successfully]]>
    </line>
    <line>
      <![CDATA[Browser window is maximized successfully]]>
    </line>
    <line>
      <![CDATA[Browser window is maximized successfully]]>
    </line>
    <line>
      <![CDATA[Browser window is maximized successfully]]>
    </line>
    <line>
      <![CDATA[Browser window is maximized successfully]]>
    </line>
  </reporter-output>
  <suite started-at="2022-12-01T07:47:18 IST" name="Suite" finished-at="2022-12-01T07:50:16 IST" duration-ms="178670">
    <groups>
    </groups>
    <test started-at="2022-12-01T07:47:18 IST" name="Test" finished-at="2022-12-01T07:50:16 IST" duration-ms="178670">
      <class name="test_Scripts.FacebookTest">
        <test-method is-config="true" signature="browserSetup()[pri:0, instance:test_Scripts.FacebookTest@2805d709]" started-at="2022-12-01T07:49:09 IST" name="browserSetup" finished-at="2022-12-01T07:49:18 IST" duration-ms="8707" status="PASS">
          <reporter-output>
            <line>
              <![CDATA[Browser window is maximized successfully]]>
            </line>
          </reporter-output>
        </test-method> <!-- browserSetup -->
        <test-method signature="Via([Ljava.lang.String;)[pri:0, instance:test_Scripts.FacebookTest@2805d709]" started-at="2022-12-01T07:49:18 IST" name="Via" data-provider="testData" finished-at="2022-12-01T07:49:43 IST" duration-ms="24777" status="PASS">
          <params>
            <param index="0">
              <value>
                <![CDATA[[Ljava.lang.String;@6bcae9]]>
              </value>
            </param>
          </params>
          <reporter-output>
          </reporter-output>
        </test-method> <!-- Via -->
        <test-method is-config="true" signature="CloseApp()[pri:0, instance:test_Scripts.FacebookTest@2805d709]" started-at="2022-12-01T07:49:43 IST" name="CloseApp" finished-at="2022-12-01T07:49:45 IST" duration-ms="2029" status="PASS">
          <reporter-output>
          </reporter-output>
        </test-method> <!-- CloseApp -->
      </class> <!-- test_Scripts.FacebookTest -->
      <class name="test_Scripts.SignupTest">
        <test-method is-config="true" signature="browserSetup()[pri:0, instance:test_Scripts.SignupTest@434a63ab]" started-at="2022-12-01T07:48:28 IST" name="browserSetup" finished-at="2022-12-01T07:48:38 IST" duration-ms="10184" status="PASS">
          <reporter-output>
            <line>
              <![CDATA[Browser window is maximized successfully]]>
            </line>
          </reporter-output>
        </test-method> <!-- browserSetup -->
        <test-method signature="Via([Ljava.lang.String;)[pri:0, instance:test_Scripts.SignupTest@434a63ab]" started-at="2022-12-01T07:48:38 IST" name="Via" data-provider="testData" finished-at="2022-12-01T07:48:45 IST" duration-ms="6760" status="PASS">
          <params>
            <param index="0">
              <value>
                <![CDATA[[Ljava.lang.String;@58feb6b0]]>
              </value>
            </param>
          </params>
          <reporter-output>
          </reporter-output>
        </test-method> <!-- Via -->
        <test-method is-config="true" signature="CloseApp()[pri:0, instance:test_Scripts.SignupTest@434a63ab]" started-at="2022-12-01T07:48:45 IST" name="CloseApp" finished-at="2022-12-01T07:48:47 IST" duration-ms="1955" status="PASS">
          <reporter-output>
          </reporter-output>
        </test-method> <!-- CloseApp -->
      </class> <!-- test_Scripts.SignupTest -->
      <class name="test_Scripts.PasswordTest">
        <test-method is-config="true" signature="beforeSuit()[pri:0, instance:test_Scripts.PasswordTest@485966cc]" started-at="2022-12-01T07:47:17 IST" name="beforeSuit" finished-at="2022-12-01T07:47:18 IST" duration-ms="713" status="PASS">
          <reporter-output>
          </reporter-output>
        </test-method> <!-- beforeSuit -->
        <test-method is-config="true" signature="browserSetup()[pri:0, instance:test_Scripts.PasswordTest@485966cc]" started-at="2022-12-01T07:47:18 IST" name="browserSetup" finished-at="2022-12-01T07:47:36 IST" duration-ms="18495" status="PASS">
          <reporter-output>
            <line>
              <![CDATA[Browser window is maximized successfully]]>
            </line>
          </reporter-output>
        </test-method> <!-- browserSetup -->
        <test-method signature="Via([Ljava.lang.String;)[pri:0, instance:test_Scripts.PasswordTest@485966cc]" started-at="2022-12-01T07:47:40 IST" name="Via" data-provider="testData" finished-at="2022-12-01T07:48:26 IST" duration-ms="46622" status="PASS">
          <params>
            <param index="0">
              <value>
                <![CDATA[[Ljava.lang.String;@5aa781f2]]>
              </value>
            </param>
          </params>
          <reporter-output>
          </reporter-output>
        </test-method> <!-- Via -->
        <test-method is-config="true" signature="CloseApp()[pri:0, instance:test_Scripts.PasswordTest@485966cc]" started-at="2022-12-01T07:48:26 IST" name="CloseApp" finished-at="2022-12-01T07:48:28 IST" duration-ms="1470" status="PASS">
          <reporter-output>
          </reporter-output>
        </test-method> <!-- CloseApp -->
        <test-method is-config="true" signature="afterSuite()[pri:0, instance:test_Scripts.PasswordTest@485966cc]" started-at="2022-12-01T07:50:17 IST" name="afterSuite" finished-at="2022-12-01T07:50:17 IST" duration-ms="868" status="PASS">
          <reporter-output>
          </reporter-output>
        </test-method> <!-- afterSuite -->
      </class> <!-- test_Scripts.PasswordTest -->
      <class name="test_Scripts.AgentLoginTest">
        <test-method is-config="true" signature="browserSetup()[pri:0, instance:test_Scripts.AgentLoginTest@6e0f5f7f]" started-at="2022-12-01T07:48:47 IST" name="browserSetup" finished-at="2022-12-01T07:49:01 IST" duration-ms="14552" status="PASS">
          <reporter-output>
            <line>
              <![CDATA[Browser window is maximized successfully]]>
            </line>
          </reporter-output>
        </test-method> <!-- browserSetup -->
        <test-method signature="Via()[pri:0, instance:test_Scripts.AgentLoginTest@6e0f5f7f]" started-at="2022-12-01T07:49:01 IST" name="Via" finished-at="2022-12-01T07:49:06 IST" duration-ms="4853" status="PASS">
          <reporter-output>
          </reporter-output>
        </test-method> <!-- Via -->
        <test-method is-config="true" signature="CloseApp()[pri:0, instance:test_Scripts.AgentLoginTest@6e0f5f7f]" started-at="2022-12-01T07:49:06 IST" name="CloseApp" finished-at="2022-12-01T07:49:09 IST" duration-ms="3179" status="PASS">
          <reporter-output>
          </reporter-output>
        </test-method> <!-- CloseApp -->
      </class> <!-- test_Scripts.AgentLoginTest -->
      <class name="test_Scripts.SigninTest">
        <test-method is-config="true" signature="browserSetup()[pri:0, instance:test_Scripts.SigninTest@2ea41516]" started-at="2022-12-01T07:50:00 IST" name="browserSetup" finished-at="2022-12-01T07:50:09 IST" duration-ms="9553" status="PASS">
          <reporter-output>
            <line>
              <![CDATA[Browser window is maximized successfully]]>
            </line>
          </reporter-output>
        </test-method> <!-- browserSetup -->
        <test-method signature="Via([Ljava.lang.String;)[pri:0, instance:test_Scripts.SigninTest@2ea41516]" started-at="2022-12-01T07:50:10 IST" name="Via" data-provider="testData" finished-at="2022-12-01T07:50:15 IST" duration-ms="5541" status="PASS">
          <params>
            <param index="0">
              <value>
                <![CDATA[[Ljava.lang.String;@11b5f4e2]]>
              </value>
            </param>
          </params>
          <reporter-output>
          </reporter-output>
        </test-method> <!-- Via -->
        <test-method is-config="true" signature="CloseApp()[pri:0, instance:test_Scripts.SigninTest@2ea41516]" started-at="2022-12-01T07:50:15 IST" name="CloseApp" finished-at="2022-12-01T07:50:16 IST" duration-ms="1367" status="PASS">
          <reporter-output>
          </reporter-output>
        </test-method> <!-- CloseApp -->
      </class> <!-- test_Scripts.SigninTest -->
      <class name="test_Scripts.CorporateLoginTest">
        <test-method is-config="true" signature="browserSetup()[pri:0, instance:test_Scripts.CorporateLoginTest@3ee37e5a]" started-at="2022-12-01T07:49:45 IST" name="browserSetup" finished-at="2022-12-01T07:49:55 IST" duration-ms="9647" status="PASS">
          <reporter-output>
            <line>
              <![CDATA[Browser window is maximized successfully]]>
            </line>
          </reporter-output>
        </test-method> <!-- browserSetup -->
        <test-method signature="Via()[pri:0, instance:test_Scripts.CorporateLoginTest@3ee37e5a]" started-at="2022-12-01T07:49:55 IST" name="Via" finished-at="2022-12-01T07:49:58 IST" duration-ms="3237" status="PASS">
          <reporter-output>
          </reporter-output>
        </test-method> <!-- Via -->
        <test-method is-config="true" signature="CloseApp()[pri:0, instance:test_Scripts.CorporateLoginTest@3ee37e5a]" started-at="2022-12-01T07:49:58 IST" name="CloseApp" finished-at="2022-12-01T07:50:00 IST" duration-ms="1862" status="PASS">
          <reporter-output>
          </reporter-output>
        </test-method> <!-- CloseApp -->
      </class> <!-- test_Scripts.CorporateLoginTest -->
    </test> <!-- Test -->
  </suite> <!-- Suite -->
</testng-results>
